<?xml version="1.0" encoding="UTF-8"?>
<testng-results skipped="0" failed="0" total="1" passed="1">
  <reporter-output>
  </reporter-output>
  <suite name="Default suite" duration-ms="32621" started-at="2017-04-18T16:33:38Z" finished-at="2017-04-18T16:34:11Z">
    <groups>
    </groups>
    <test name="Default test" duration-ms="32621" started-at="2017-04-18T16:33:38Z" finished-at="2017-04-18T16:34:11Z">
      <class name="testScripts.TestMailLogin">
        <test-method status="PASS" signature="beforeMethod()[pri:0, instance:testScripts.TestMailLogin@37015590]" name="beforeMethod" is-config="true" duration-ms="5304" started-at="2017-04-19T00:33:38Z" finished-at="2017-04-19T00:33:44Z">
          <reporter-output>
          </reporter-output>
        </test-method> <!-- beforeMethod -->
        <test-method status="PASS" signature="TestLogin()[pri:0, instance:testScripts.TestMailLogin@37015590]" name="TestLogin" duration-ms="26462" started-at="2017-04-19T00:33:44Z" finished-at="2017-04-19T00:34:10Z">
          <reporter-output>
          </reporter-output>
        </test-method> <!-- TestLogin -->
        <test-method status="PASS" signature="afterMethod()[pri:0, instance:testScripts.TestMailLogin@37015590]" name="afterMethod" is-config="true" duration-ms="839" started-at="2017-04-19T00:34:10Z" finished-at="2017-04-19T00:34:11Z">
          <reporter-output>
          </reporter-output>
        </test-method> <!-- afterMethod -->
      </class> <!-- testScripts.TestMailLogin -->
    </test> <!-- Default test -->
  </suite> <!-- Default suite -->
</testng-results>
